# JRE version: OpenJDK Runtime Environment (8.0_152-b06) (build 1.8.0_152-release-1136-b06)
# Java VM: OpenJDK 64-Bit Server VM (25.152-b06 mixed mode windows-amd64 compressed oops)
Heap:
 PSYoungGen      total 249344K, used 40779K [0x00000000e0000000, 0x00000000f4c00000, 0x0000000100000000)
  eden space 215552K, 13% used [0x00000000e0000000,0x00000000e1b6e2c0,0x00000000ed280000)
  from space 33792K, 37% used [0x00000000ed280000,0x00000000edee4c30,0x00000000ef380000)
  to   space 31744K, 0% used [0x00000000f2d00000,0x00000000f2d00000,0x00000000f4c00000)
 ParOldGen       total 147968K, used 100263K [0x00000000a0000000, 0x00000000a9080000, 0x00000000e0000000)
  object space 147968K, 67% used [0x00000000a0000000,0x00000000a61e9f68,0x00000000a9080000)
 Metaspace       used 85134K, capacity 88130K, committed 88240K, reserved 1126400K
  class space    used 10938K, capacity 11604K, committed 11696K, reserved 1048576K
GC Heap History (10 events):
Event: 30.703 GC heap before
{Heap before GC invocations=18 (full 3):
 PSYoungGen      total 156160K, used 156105K [0x00000000e0000000, 0x00000000ec380000, 0x0000000100000000)
  eden space 141824K, 99% used [0x00000000e0000000,0x00000000e8a73820,0x00000000e8a80000)
  from space 14336K, 99% used [0x00000000ea180000,0x00000000eaf7ef20,0x00000000eaf80000)
  to   space 23552K, 0% used [0x00000000e8a80000,0x00000000e8a80000,0x00000000ea180000)
 ParOldGen       total 147968K, used 54265K [0x00000000a0000000, 0x00000000a9080000, 0x00000000e0000000)
  object space 147968K, 36% used [0x00000000a0000000,0x00000000a34fe578,0x00000000a9080000)
 Metaspace       used 75758K, capacity 78052K, committed 78256K, reserved 1118208K
  class space    used 9850K, capacity 10403K, committed 10416K, reserved 1048576K
Event: 30.755 GC heap after
Heap after GC invocations=18 (full 3):
 PSYoungGen      total 165376K, used 23523K [0x00000000e0000000, 0x00000000ee600000, 0x0000000100000000)
  eden space 141824K, 0% used [0x00000000e0000000,0x00000000e0000000,0x00000000e8a80000)
  from space 23552K, 99% used [0x00000000e8a80000,0x00000000ea178e48,0x00000000ea180000)
  to   space 34816K, 0% used [0x00000000ec400000,0x00000000ec400000,0x00000000ee600000)
 ParOldGen       total 147968K, used 75445K [0x00000000a0000000, 0x00000000a9080000, 0x00000000e0000000)
  object space 147968K, 50% used [0x00000000a0000000,0x00000000a49ad768,0x00000000a9080000)
 Metaspace       used 75758K, capacity 78052K, committed 78256K, reserved 1118208K
  class space    used 9850K, capacity 10403K, committed 10416K, reserved 1048576K
}
Event: 32.632 GC heap before
{Heap before GC invocations=19 (full 3):
 PSYoungGen      total 165376K, used 164537K [0x00000000e0000000, 0x00000000ee600000, 0x0000000100000000)
  eden space 141824K, 99% used [0x00000000e0000000,0x00000000e89b59a8,0x00000000e8a80000)
  from space 23552K, 99% used [0x00000000e8a80000,0x00000000ea178e48,0x00000000ea180000)
  to   space 34816K, 0% used [0x00000000ec400000,0x00000000ec400000,0x00000000ee600000)
 ParOldGen       total 147968K, used 75445K [0x00000000a0000000, 0x00000000a9080000, 0x00000000e0000000)
  object space 147968K, 50% used [0x00000000a0000000,0x00000000a49ad768,0x00000000a9080000)
 Metaspace       used 79954K, capacity 82644K, committed 82736K, reserved 1120256K
  class space    used 10417K, capacity 11035K, committed 11056K, reserved 1048576K
Event: 32.674 GC heap after
Heap after GC invocations=19 (full 3):
 PSYoungGen      total 200704K, used 19350K [0x00000000e0000000, 0x00000000ee880000, 0x0000000100000000)
  eden space 165888K, 0% used [0x00000000e0000000,0x00000000e0000000,0x00000000ea200000)
  from space 34816K, 55% used [0x00000000ec400000,0x00000000ed6e5988,0x00000000ee600000)
  to   space 34816K, 0% used [0x00000000ea200000,0x00000000ea200000,0x00000000ec400000)
 ParOldGen       total 147968K, used 86816K [0x00000000a0000000, 0x00000000a9080000, 0x00000000e0000000)
  object space 147968K, 58% used [0x00000000a0000000,0x00000000a54c82b0,0x00000000a9080000)
 Metaspace       used 79954K, capacity 82644K, committed 82736K, reserved 1120256K
  class space    used 10417K, capacity 11035K, committed 11056K, reserved 1048576K
}
Event: 32.700 GC heap before
{Heap before GC invocations=20 (full 3):
 PSYoungGen      total 200704K, used 184460K [0x00000000e0000000, 0x00000000ee880000, 0x0000000100000000)
  eden space 165888K, 99% used [0x00000000e0000000,0x00000000ea13d938,0x00000000ea200000)
  from space 34816K, 55% used [0x00000000ec400000,0x00000000ed6e5988,0x00000000ee600000)
  to   space 34816K, 0% used [0x00000000ea200000,0x00000000ea200000,0x00000000ec400000)
 ParOldGen       total 147968K, used 86816K [0x00000000a0000000, 0x00000000a9080000, 0x00000000e0000000)
  object space 147968K, 58% used [0x00000000a0000000,0x00000000a54c82b0,0x00000000a9080000)
 Metaspace       used 79959K, capacity 82644K, committed 82736K, reserved 1120256K
  class space    used 10417K, capacity 11035K, committed 11056K, reserved 1048576K
Event: 32.717 GC heap after
Heap after GC invocations=20 (full 3):
 PSYoungGen      total 200704K, used 15598K [0x00000000e0000000, 0x00000000f1380000, 0x0000000100000000)
  eden space 165888K, 0% used [0x00000000e0000000,0x00000000e0000000,0x00000000ea200000)
  from space 34816K, 44% used [0x00000000ea200000,0x00000000eb13bae0,0x00000000ec400000)
  to   space 32768K, 0% used [0x00000000ef380000,0x00000000ef380000,0x00000000f1380000)
 ParOldGen       total 147968K, used 86824K [0x00000000a0000000, 0x00000000a9080000, 0x00000000e0000000)
  object space 147968K, 58% used [0x00000000a0000000,0x00000000a54ca2b0,0x00000000a9080000)
 Metaspace       used 79959K, capacity 82644K, committed 82736K, reserved 1120256K
  class space    used 10417K, capacity 11035K, committed 11056K, reserved 1048576K
}
Event: 32.854 GC heap before
{Heap before GC invocations=21 (full 3):
 PSYoungGen      total 200704K, used 181486K [0x00000000e0000000, 0x00000000f1380000, 0x0000000100000000)
  eden space 165888K, 100% used [0x00000000e0000000,0x00000000ea200000,0x00000000ea200000)
  from space 34816K, 44% used [0x00000000ea200000,0x00000000eb13bae0,0x00000000ec400000)
  to   space 32768K, 0% used [0x00000000ef380000,0x00000000ef380000,0x00000000f1380000)
 ParOldGen       total 147968K, used 86824K [0x00000000a0000000, 0x00000000a9080000, 0x00000000e0000000)
  object space 147968K, 58% used [0x00000000a0000000,0x00000000a54ca2b0,0x00000000a9080000)
 Metaspace       used 80124K, capacity 82758K, committed 82992K, reserved 1122304K
  class space    used 10443K, capacity 11046K, committed 11056K, reserved 1048576K
Event: 32.872 GC heap after
Heap after GC invocations=21 (full 3):
 PSYoungGen      total 248320K, used 256K [0x00000000e0000000, 0x00000000f1580000, 0x0000000100000000)
  eden space 215552K, 0% used [0x00000000e0000000,0x00000000e0000000,0x00000000ed280000)
  from space 32768K, 0% used [0x00000000ef380000,0x00000000ef3c0000,0x00000000f1380000)
  to   space 33792K, 0% used [0x00000000ed280000,0x00000000ed280000,0x00000000ef380000)
 ParOldGen       total 147968K, used 100215K [0x00000000a0000000, 0x00000000a9080000, 0x00000000e0000000)
  object space 147968K, 67% used [0x00000000a0000000,0x00000000a61ddf68,0x00000000a9080000)
 Metaspace       used 80124K, capacity 82758K, committed 82992K, reserved 1122304K
  class space    used 10443K, capacity 11046K, committed 11056K, reserved 1048576K
}
Event: 212.885 GC heap before
{Heap before GC invocations=22 (full 3):
 PSYoungGen      total 248320K, used 215808K [0x00000000e0000000, 0x00000000f1580000, 0x0000000100000000)
  eden space 215552K, 100% used [0x00000000e0000000,0x00000000ed280000,0x00000000ed280000)
  from space 32768K, 0% used [0x00000000ef380000,0x00000000ef3c0000,0x00000000f1380000)
  to   space 33792K, 0% used [0x00000000ed280000,0x00000000ed280000,0x00000000ef380000)
 ParOldGen       total 147968K, used 100215K [0x00000000a0000000, 0x00000000a9080000, 0x00000000e0000000)
  object space 147968K, 67% used [0x00000000a0000000,0x00000000a61ddf68,0x00000000a9080000)
 Metaspace       used 85056K, capacity 88062K, committed 88240K, reserved 1126400K
  class space    used 10937K, capacity 11604K, committed 11696K, reserved 1048576K
Event: 212.902 GC heap after
Heap after GC invocations=22 (full 3):
 PSYoungGen      total 249344K, used 12691K [0x00000000e0000000, 0x00000000f4c00000, 0x0000000100000000)
  eden space 215552K, 0% used [0x00000000e0000000,0x00000000e0000000,0x00000000ed280000)
  from space 33792K, 37% used [0x00000000ed280000,0x00000000edee4c30,0x00000000ef380000)
  to   space 31744K, 0% used [0x00000000f2d00000,0x00000000f2d00000,0x00000000f4c00000)
 ParOldGen       total 147968K, used 100263K [0x00000000a0000000, 0x00000000a9080000, 0x00000000e0000000)
  object space 147968K, 67% used [0x00000000a0000000,0x00000000a61e9f68,0x00000000a9080000)
 Metaspace       used 85056K, capacity 88062K, committed 88240K, reserved 1126400K
  class space    used 10937K, capacity 11604K, committed 11696K, reserved 1048576K
}

