# JRE version: OpenJDK Runtime Environment (8.0_152-b06) (build 1.8.0_152-release-1136-b06)
# Java VM: OpenJDK 64-Bit Server VM (25.152-b06 mixed mode windows-amd64 compressed oops)
Heap:
 PSYoungGen      total 308736K, used 63068K [0x00000000e0000000, 0x00000000f5e80000, 0x0000000100000000)
  eden space 258560K, 15% used [0x00000000e0000000,0x00000000e26b90c0,0x00000000efc80000)
  from space 50176K, 46% used [0x00000000efc80000,0x00000000f135e000,0x00000000f2d80000)
  to   space 50176K, 0% used [0x00000000f2d80000,0x00000000f2d80000,0x00000000f5e80000)
 ParOldGen       total 230400K, used 162247K [0x00000000a0000000, 0x00000000ae100000, 0x00000000e0000000)
  object space 230400K, 70% used [0x00000000a0000000,0x00000000a9e71ec8,0x00000000ae100000)
 Metaspace       used 87069K, capacity 89770K, committed 89856K, reserved 1128448K
  class space    used 10624K, capacity 11232K, committed 11264K, reserved 1048576K
GC Heap History (10 events):
Event: 988.057 GC heap before
{Heap before GC invocations=27 (full 4):
 PSYoungGen      total 287232K, used 231010K [0x00000000e0000000, 0x00000000f5c80000, 0x0000000100000000)
  eden space 224768K, 100% used [0x00000000e0000000,0x00000000edb80000,0x00000000edb80000)
  from space 62464K, 9% used [0x00000000f1780000,0x00000000f1d98ba0,0x00000000f5480000)
  to   space 61440K, 0% used [0x00000000edb80000,0x00000000edb80000,0x00000000f1780000)
 ParOldGen       total 230400K, used 160187K [0x00000000a0000000, 0x00000000ae100000, 0x00000000e0000000)
  object space 230400K, 69% used [0x00000000a0000000,0x00000000a9c6ee18,0x00000000ae100000)
 Metaspace       used 86796K, capacity 89556K, committed 89600K, reserved 1128448K
  class space    used 10613K, capacity 11231K, committed 11264K, reserved 1048576K
Event: 988.158 GC heap after
Heap after GC invocations=27 (full 4):
 PSYoungGen      total 286208K, used 15308K [0x00000000e0000000, 0x00000000f5c80000, 0x0000000100000000)
  eden space 224768K, 0% used [0x00000000e0000000,0x00000000e0000000,0x00000000edb80000)
  from space 61440K, 24% used [0x00000000edb80000,0x00000000eea73228,0x00000000f1780000)
  to   space 62464K, 0% used [0x00000000f1780000,0x00000000f1780000,0x00000000f5480000)
 ParOldGen       total 230400K, used 160195K [0x00000000a0000000, 0x00000000ae100000, 0x00000000e0000000)
  object space 230400K, 69% used [0x00000000a0000000,0x00000000a9c70e18,0x00000000ae100000)
 Metaspace       used 86796K, capacity 89556K, committed 89600K, reserved 1128448K
  class space    used 10613K, capacity 11231K, committed 11264K, reserved 1048576K
}
Event: 992.083 GC heap before
{Heap before GC invocations=28 (full 4):
 PSYoungGen      total 286208K, used 240076K [0x00000000e0000000, 0x00000000f5c80000, 0x0000000100000000)
  eden space 224768K, 100% used [0x00000000e0000000,0x00000000edb80000,0x00000000edb80000)
  from space 61440K, 24% used [0x00000000edb80000,0x00000000eea73228,0x00000000f1780000)
  to   space 62464K, 0% used [0x00000000f1780000,0x00000000f1780000,0x00000000f5480000)
 ParOldGen       total 230400K, used 160195K [0x00000000a0000000, 0x00000000ae100000, 0x00000000e0000000)
  object space 230400K, 69% used [0x00000000a0000000,0x00000000a9c70e18,0x00000000ae100000)
 Metaspace       used 86883K, capacity 89622K, committed 89856K, reserved 1128448K
  class space    used 10618K, capacity 11232K, committed 11264K, reserved 1048576K
Event: 992.169 GC heap after
Heap after GC invocations=28 (full 4):
 PSYoungGen      total 287232K, used 17939K [0x00000000e0000000, 0x00000000f5c80000, 0x0000000100000000)
  eden space 224768K, 0% used [0x00000000e0000000,0x00000000e0000000,0x00000000edb80000)
  from space 62464K, 28% used [0x00000000f1780000,0x00000000f2904f00,0x00000000f5480000)
  to   space 61440K, 0% used [0x00000000edb80000,0x00000000edb80000,0x00000000f1780000)
 ParOldGen       total 230400K, used 160203K [0x00000000a0000000, 0x00000000ae100000, 0x00000000e0000000)
  object space 230400K, 69% used [0x00000000a0000000,0x00000000a9c72e18,0x00000000ae100000)
 Metaspace       used 86883K, capacity 89622K, committed 89856K, reserved 1128448K
  class space    used 10618K, capacity 11232K, committed 11264K, reserved 1048576K
}
Event: 995.680 GC heap before
{Heap before GC invocations=29 (full 4):
 PSYoungGen      total 287232K, used 242707K [0x00000000e0000000, 0x00000000f5c80000, 0x0000000100000000)
  eden space 224768K, 100% used [0x00000000e0000000,0x00000000edb80000,0x00000000edb80000)
  from space 62464K, 28% used [0x00000000f1780000,0x00000000f2904f00,0x00000000f5480000)
  to   space 61440K, 0% used [0x00000000edb80000,0x00000000edb80000,0x00000000f1780000)
 ParOldGen       total 230400K, used 160203K [0x00000000a0000000, 0x00000000ae100000, 0x00000000e0000000)
  object space 230400K, 69% used [0x00000000a0000000,0x00000000a9c72e18,0x00000000ae100000)
 Metaspace       used 86914K, capacity 89622K, committed 89856K, reserved 1128448K
  class space    used 10618K, capacity 11232K, committed 11264K, reserved 1048576K
Event: 995.791 GC heap after
Heap after GC invocations=29 (full 4):
 PSYoungGen      total 286208K, used 19982K [0x00000000e0000000, 0x00000000f6080000, 0x0000000100000000)
  eden space 224768K, 0% used [0x00000000e0000000,0x00000000e0000000,0x00000000edb80000)
  from space 61440K, 32% used [0x00000000edb80000,0x00000000eef03bb0,0x00000000f1780000)
  to   space 52224K, 0% used [0x00000000f2d80000,0x00000000f2d80000,0x00000000f6080000)
 ParOldGen       total 230400K, used 160211K [0x00000000a0000000, 0x00000000ae100000, 0x00000000e0000000)
  object space 230400K, 69% used [0x00000000a0000000,0x00000000a9c74e18,0x00000000ae100000)
 Metaspace       used 86914K, capacity 89622K, committed 89856K, reserved 1128448K
  class space    used 10618K, capacity 11232K, committed 11264K, reserved 1048576K
}
Event: 999.940 GC heap before
{Heap before GC invocations=30 (full 4):
 PSYoungGen      total 286208K, used 244750K [0x00000000e0000000, 0x00000000f6080000, 0x0000000100000000)
  eden space 224768K, 100% used [0x00000000e0000000,0x00000000edb80000,0x00000000edb80000)
  from space 61440K, 32% used [0x00000000edb80000,0x00000000eef03bb0,0x00000000f1780000)
  to   space 52224K, 0% used [0x00000000f2d80000,0x00000000f2d80000,0x00000000f6080000)
 ParOldGen       total 230400K, used 160211K [0x00000000a0000000, 0x00000000ae100000, 0x00000000e0000000)
  object space 230400K, 69% used [0x00000000a0000000,0x00000000a9c74e18,0x00000000ae100000)
 Metaspace       used 87051K, capacity 89762K, committed 89856K, reserved 1128448K
  class space    used 10624K, capacity 11232K, committed 11264K, reserved 1048576K
Event: 1000.085 GC heap after
Heap after GC invocations=30 (full 4):
 PSYoungGen      total 308736K, used 23586K [0x00000000e0000000, 0x00000000f5e80000, 0x0000000100000000)
  eden space 258560K, 0% used [0x00000000e0000000,0x00000000e0000000,0x00000000efc80000)
  from space 50176K, 47% used [0x00000000f2d80000,0x00000000f44889b8,0x00000000f5e80000)
  to   space 50176K, 0% used [0x00000000efc80000,0x00000000efc80000,0x00000000f2d80000)
 ParOldGen       total 230400K, used 160219K [0x00000000a0000000, 0x00000000ae100000, 0x00000000e0000000)
  object space 230400K, 69% used [0x00000000a0000000,0x00000000a9c76e18,0x00000000ae100000)
 Metaspace       used 87051K, capacity 89762K, committed 89856K, reserved 1128448K
  class space    used 10624K, capacity 11232K, committed 11264K, reserved 1048576K
}
Event: 1005.236 GC heap before
{Heap before GC invocations=31 (full 4):
 PSYoungGen      total 308736K, used 282146K [0x00000000e0000000, 0x00000000f5e80000, 0x0000000100000000)
  eden space 258560K, 100% used [0x00000000e0000000,0x00000000efc80000,0x00000000efc80000)
  from space 50176K, 47% used [0x00000000f2d80000,0x00000000f44889b8,0x00000000f5e80000)
  to   space 50176K, 0% used [0x00000000efc80000,0x00000000efc80000,0x00000000f2d80000)
 ParOldGen       total 230400K, used 160219K [0x00000000a0000000, 0x00000000ae100000, 0x00000000e0000000)
  object space 230400K, 69% used [0x00000000a0000000,0x00000000a9c76e18,0x00000000ae100000)
 Metaspace       used 87068K, capacity 89770K, committed 89856K, reserved 1128448K
  class space    used 10624K, capacity 11232K, committed 11264K, reserved 1048576K
Event: 1005.442 GC heap after
Heap after GC invocations=31 (full 4):
 PSYoungGen      total 308736K, used 23416K [0x00000000e0000000, 0x00000000f5e80000, 0x0000000100000000)
  eden space 258560K, 0% used [0x00000000e0000000,0x00000000e0000000,0x00000000efc80000)
  from space 50176K, 46% used [0x00000000efc80000,0x00000000f135e000,0x00000000f2d80000)
  to   space 50176K, 0% used [0x00000000f2d80000,0x00000000f2d80000,0x00000000f5e80000)
 ParOldGen       total 230400K, used 162247K [0x00000000a0000000, 0x00000000ae100000, 0x00000000e0000000)
  object space 230400K, 70% used [0x00000000a0000000,0x00000000a9e71ec8,0x00000000ae100000)
 Metaspace       used 87068K, capacity 89770K, committed 89856K, reserved 1128448K
  class space    used 10624K, capacity 11232K, committed 11264K, reserved 1048576K
}

